[2026-01-14 17:05:51] ERROR: 💀 Server error in /leaderboard | IP: ::1 | Error: MongooseError: The `uri` parameter to `openUri()` must be a string, got "undefined". Make sure the first parameter to `mongoose.connect()` or `mongoose.createConnection()` is a string.
    at NativeConnection.createClient (/home/umair-malik/Desktop/AdVitya Projects/advitya-ctf-website/node_modules/mongoose/lib/drivers/node-mongodb-native/connection.js:237:11)
    at NativeConnection.openUri (/home/umair-malik/Desktop/AdVitya Projects/advitya-ctf-website/node_modules/mongoose/lib/connection.js:1071:34)
    at Mongoose.connect (/home/umair-malik/Desktop/AdVitya Projects/advitya-ctf-website/node_modules/mongoose/lib/mongoose.js:450:15)
    at connectDB (/home/umair-malik/Desktop/AdVitya Projects/advitya-ctf-website/.next/server/chunks/[root-of-the-server]__46a431d3._.js:60:132)
    at GET (/home/umair-malik/Desktop/AdVitya Projects/advitya-ctf-website/.next/server/chunks/[root-of-the-server]__46a431d3._.js:308:145)
    at AsyncLocalStorage.run (node:async_hooks:335:14)
    at AppRouteRouteModule.do (/home/umair-malik/Desktop/AdVitya Projects/advitya-ctf-website/node_modules/next/dist/compiled/next-server/app-route-turbo.runtime.dev.js:5:38775)
    at /home/umair-malik/Desktop/AdVitya Projects/advitya-ctf-website/node_modules/next/dist/compiled/next-server/app-route-turbo.runtime.dev.js:5:48915
    at /home/umair-malik/Desktop/AdVitya Projects/advitya-ctf-website/node_modules/next/dist/server/lib/trace/tracer.js:170:36
    at NoopContextManager.with (/home/umair-malik/Desktop/AdVitya Projects/advitya-ctf-website/node_modules/next/dist/compiled/@opentelemetry/api/index.js:1:7062)
    at ContextAPI.with (/home/umair-malik/Desktop/AdVitya Projects/advitya-ctf-website/node_modules/next/dist/compiled/@opentelemetry/api/index.js:1:518)
    at NoopTracer.startActiveSpan (/home/umair-malik/Desktop/AdVitya Projects/advitya-ctf-website/node_modules/next/dist/compiled/@opentelemetry/api/index.js:1:18093)
    at ProxyTracer.startActiveSpan (/home/umair-malik/Desktop/AdVitya Projects/advitya-ctf-website/node_modules/next/dist/compiled/@opentelemetry/api/index.js:1:18854)
    at /home/umair-malik/Desktop/AdVitya Projects/advitya-ctf-website/node_modules/next/dist/server/lib/trace/tracer.js:152:103
    at NoopContextManager.with (/home/umair-malik/Desktop/AdVitya Projects/advitya-ctf-website/node_modules/next/dist/compiled/@opentelemetry/api/index.js:1:7062)
    at ContextAPI.with (/home/umair-malik/Desktop/AdVitya Projects/advitya-ctf-website/node_modules/next/dist/compiled/@opentelemetry/api/index.js:1:518)
    at NextTracerImpl.trace (/home/umair-malik/Desktop/AdVitya Projects/advitya-ctf-website/node_modules/next/dist/server/lib/trace/tracer.js:152:28)
    at /home/umair-malik/Desktop/AdVitya Projects/advitya-ctf-website/node_modules/next/dist/compiled/next-server/app-route-turbo.runtime.dev.js:5:48760
    at AsyncLocalStorage.run (node:async_hooks:346:14)
    at /home/umair-malik/Desktop/AdVitya Projects/advitya-ctf-website/node_modules/next/dist/compiled/next-server/app-route-turbo.runtime.dev.js:5:46097
    at AsyncLocalStorage.run (node:async_hooks:346:14)
    at /home/umair-malik/Desktop/AdVitya Projects/advitya-ctf-website/node_modules/next/dist/compiled/next-server/app-route-turbo.runtime.dev.js:5:46054
    at AsyncLocalStorage.run (node:async_hooks:346:14)
    at AppRouteRouteModule.handle (/home/umair-malik/Desktop/AdVitya Projects/advitya-ctf-website/node_modules/next/dist/compiled/next-server/app-route-turbo.runtime.dev.js:5:46008)
[2026-01-14 17:05:51] ERROR: 💀 Server error in /leaderboard | IP: ::1 | Error: MongooseError: The `uri` parameter to `openUri()` must be a string, got "undefined". Make sure the first parameter to `mongoose.connect()` or `mongoose.createConnection()` is a string.
    at NativeConnection.createClient (/home/umair-malik/Desktop/AdVitya Projects/advitya-ctf-website/node_modules/mongoose/lib/drivers/node-mongodb-native/connection.js:237:11)
    at NativeConnection.openUri (/home/umair-malik/Desktop/AdVitya Projects/advitya-ctf-website/node_modules/mongoose/lib/connection.js:1071:34)
    at Mongoose.connect (/home/umair-malik/Desktop/AdVitya Projects/advitya-ctf-website/node_modules/mongoose/lib/mongoose.js:450:15)
    at connectDB (/home/umair-malik/Desktop/AdVitya Projects/advitya-ctf-website/.next/server/chunks/[root-of-the-server]__46a431d3._.js:60:132)
    at GET (/home/umair-malik/Desktop/AdVitya Projects/advitya-ctf-website/.next/server/chunks/[root-of-the-server]__46a431d3._.js:308:145)
    at AsyncLocalStorage.run (node:async_hooks:335:14)
    at AppRouteRouteModule.do (/home/umair-malik/Desktop/AdVitya Projects/advitya-ctf-website/node_modules/next/dist/compiled/next-server/app-route-turbo.runtime.dev.js:5:38775)
    at /home/umair-malik/Desktop/AdVitya Projects/advitya-ctf-website/node_modules/next/dist/compiled/next-server/app-route-turbo.runtime.dev.js:5:48915
    at /home/umair-malik/Desktop/AdVitya Projects/advitya-ctf-website/node_modules/next/dist/server/lib/trace/tracer.js:170:36
    at NoopContextManager.with (/home/umair-malik/Desktop/AdVitya Projects/advitya-ctf-website/node_modules/next/dist/compiled/@opentelemetry/api/index.js:1:7062)
    at ContextAPI.with (/home/umair-malik/Desktop/AdVitya Projects/advitya-ctf-website/node_modules/next/dist/compiled/@opentelemetry/api/index.js:1:518)
    at NoopTracer.startActiveSpan (/home/umair-malik/Desktop/AdVitya Projects/advitya-ctf-website/node_modules/next/dist/compiled/@opentelemetry/api/index.js:1:18093)
    at ProxyTracer.startActiveSpan (/home/umair-malik/Desktop/AdVitya Projects/advitya-ctf-website/node_modules/next/dist/compiled/@opentelemetry/api/index.js:1:18854)
    at /home/umair-malik/Desktop/AdVitya Projects/advitya-ctf-website/node_modules/next/dist/server/lib/trace/tracer.js:152:103
    at NoopContextManager.with (/home/umair-malik/Desktop/AdVitya Projects/advitya-ctf-website/node_modules/next/dist/compiled/@opentelemetry/api/index.js:1:7062)
    at ContextAPI.with (/home/umair-malik/Desktop/AdVitya Projects/advitya-ctf-website/node_modules/next/dist/compiled/@opentelemetry/api/index.js:1:518)
    at NextTracerImpl.trace (/home/umair-malik/Desktop/AdVitya Projects/advitya-ctf-website/node_modules/next/dist/server/lib/trace/tracer.js:152:28)
    at /home/umair-malik/Desktop/AdVitya Projects/advitya-ctf-website/node_modules/next/dist/compiled/next-server/app-route-turbo.runtime.dev.js:5:48760
    at AsyncLocalStorage.run (node:async_hooks:346:14)
    at /home/umair-malik/Desktop/AdVitya Projects/advitya-ctf-website/node_modules/next/dist/compiled/next-server/app-route-turbo.runtime.dev.js:5:46097
    at AsyncLocalStorage.run (node:async_hooks:346:14)
    at /home/umair-malik/Desktop/AdVitya Projects/advitya-ctf-website/node_modules/next/dist/compiled/next-server/app-route-turbo.runtime.dev.js:5:46054
    at AsyncLocalStorage.run (node:async_hooks:346:14)
    at AppRouteRouteModule.handle (/home/umair-malik/Desktop/AdVitya Projects/advitya-ctf-website/node_modules/next/dist/compiled/next-server/app-route-turbo.runtime.dev.js:5:46008)
[2026-01-15 21:49:49] ERROR: 💀 Too Many request | IP: ::1 | Error: ReferenceError: teamId is not defined
    at POST (/home/umair-malik/Desktop/AdVitya Projects/advitya-ctf-website/.next/server/chunks/[root-of-the-server]__278de076._.js:379:191)
    at process.processTicksAndRejections (node:internal/process/task_queues:95:5)
    at async AppRouteRouteModule.do (/home/umair-malik/Desktop/AdVitya Projects/advitya-ctf-website/node_modules/next/dist/compiled/next-server/app-route-turbo.runtime.dev.js:5:38696)
    at async AppRouteRouteModule.handle (/home/umair-malik/Desktop/AdVitya Projects/advitya-ctf-website/node_modules/next/dist/compiled/next-server/app-route-turbo.runtime.dev.js:5:45978)
    at async responseGenerator (/home/umair-malik/Desktop/AdVitya Projects/advitya-ctf-website/.next/server/chunks/node_modules_next_ae81d156._.js:14164:38)
    at async AppRouteRouteModule.handleResponse (/home/umair-malik/Desktop/AdVitya Projects/advitya-ctf-website/node_modules/next/dist/compiled/next-server/app-route-turbo.runtime.dev.js:1:187643)
    at async handleResponse (/home/umair-malik/Desktop/AdVitya Projects/advitya-ctf-website/.next/server/chunks/node_modules_next_ae81d156._.js:14226:32)
    at async handler (/home/umair-malik/Desktop/AdVitya Projects/advitya-ctf-website/.next/server/chunks/node_modules_next_ae81d156._.js:14278:13)
    at async DevServer.renderToResponseWithComponentsImpl (/home/umair-malik/Desktop/AdVitya Projects/advitya-ctf-website/node_modules/next/dist/server/base-server.js:1422:9)
    at async DevServer.renderPageComponent (/home/umair-malik/Desktop/AdVitya Projects/advitya-ctf-website/node_modules/next/dist/server/base-server.js:1474:24)
    at async DevServer.renderToResponseImpl (/home/umair-malik/Desktop/AdVitya Projects/advitya-ctf-website/node_modules/next/dist/server/base-server.js:1514:32)
    at async DevServer.pipeImpl (/home/umair-malik/Desktop/AdVitya Projects/advitya-ctf-website/node_modules/next/dist/server/base-server.js:1025:25)
    at async NextNodeServer.handleCatchallRenderRequest (/home/umair-malik/Desktop/AdVitya Projects/advitya-ctf-website/node_modules/next/dist/server/next-server.js:393:17)
    at async DevServer.handleRequestImpl (/home/umair-malik/Desktop/AdVitya Projects/advitya-ctf-website/node_modules/next/dist/server/base-server.js:916:17)
    at async /home/umair-malik/Desktop/AdVitya Projects/advitya-ctf-website/node_modules/next/dist/server/dev/next-dev-server.js:399:20
    at async Span.traceAsyncFn (/home/umair-malik/Desktop/AdVitya Projects/advitya-ctf-website/node_modules/next/dist/trace/trace.js:157:20)
    at async DevServer.handleRequest (/home/umair-malik/Desktop/AdVitya Projects/advitya-ctf-website/node_modules/next/dist/server/dev/next-dev-server.js:395:24)
    at async invokeRender (/home/umair-malik/Desktop/AdVitya Projects/advitya-ctf-website/node_modules/next/dist/server/lib/router-server.js:240:21)
    at async handleRequest (/home/umair-malik/Desktop/AdVitya Projects/advitya-ctf-website/node_modules/next/dist/server/lib/router-server.js:437:24)
    at async requestHandlerImpl (/home/umair-malik/Desktop/AdVitya Projects/advitya-ctf-website/node_modules/next/dist/server/lib/router-server.js:485:13)
    at async Server.requestListener (/home/umair-malik/Desktop/AdVitya Projects/advitya-ctf-website/node_modules/next/dist/server/lib/start-server.js:226:13)
[2026-01-15 21:50:31] ERROR: 💀 Too Many request | IP: ::1 | Error: ReferenceError: teamId is not defined
    at POST (/home/umair-malik/Desktop/AdVitya Projects/advitya-ctf-website/.next/server/chunks/[root-of-the-server]__278de076._.js:379:191)
    at process.processTicksAndRejections (node:internal/process/task_queues:95:5)
    at async AppRouteRouteModule.do (/home/umair-malik/Desktop/AdVitya Projects/advitya-ctf-website/node_modules/next/dist/compiled/next-server/app-route-turbo.runtime.dev.js:5:38696)
    at async AppRouteRouteModule.handle (/home/umair-malik/Desktop/AdVitya Projects/advitya-ctf-website/node_modules/next/dist/compiled/next-server/app-route-turbo.runtime.dev.js:5:45978)
    at async responseGenerator (/home/umair-malik/Desktop/AdVitya Projects/advitya-ctf-website/.next/server/chunks/node_modules_next_ae81d156._.js:14164:38)
    at async AppRouteRouteModule.handleResponse (/home/umair-malik/Desktop/AdVitya Projects/advitya-ctf-website/node_modules/next/dist/compiled/next-server/app-route-turbo.runtime.dev.js:1:187643)
    at async handleResponse (/home/umair-malik/Desktop/AdVitya Projects/advitya-ctf-website/.next/server/chunks/node_modules_next_ae81d156._.js:14226:32)
    at async handler (/home/umair-malik/Desktop/AdVitya Projects/advitya-ctf-website/.next/server/chunks/node_modules_next_ae81d156._.js:14278:13)
    at async DevServer.renderToResponseWithComponentsImpl (/home/umair-malik/Desktop/AdVitya Projects/advitya-ctf-website/node_modules/next/dist/server/base-server.js:1422:9)
    at async DevServer.renderPageComponent (/home/umair-malik/Desktop/AdVitya Projects/advitya-ctf-website/node_modules/next/dist/server/base-server.js:1474:24)
    at async DevServer.renderToResponseImpl (/home/umair-malik/Desktop/AdVitya Projects/advitya-ctf-website/node_modules/next/dist/server/base-server.js:1514:32)
    at async DevServer.pipeImpl (/home/umair-malik/Desktop/AdVitya Projects/advitya-ctf-website/node_modules/next/dist/server/base-server.js:1025:25)
    at async NextNodeServer.handleCatchallRenderRequest (/home/umair-malik/Desktop/AdVitya Projects/advitya-ctf-website/node_modules/next/dist/server/next-server.js:393:17)
    at async DevServer.handleRequestImpl (/home/umair-malik/Desktop/AdVitya Projects/advitya-ctf-website/node_modules/next/dist/server/base-server.js:916:17)
    at async /home/umair-malik/Desktop/AdVitya Projects/advitya-ctf-website/node_modules/next/dist/server/dev/next-dev-server.js:399:20
    at async Span.traceAsyncFn (/home/umair-malik/Desktop/AdVitya Projects/advitya-ctf-website/node_modules/next/dist/trace/trace.js:157:20)
    at async DevServer.handleRequest (/home/umair-malik/Desktop/AdVitya Projects/advitya-ctf-website/node_modules/next/dist/server/dev/next-dev-server.js:395:24)
    at async invokeRender (/home/umair-malik/Desktop/AdVitya Projects/advitya-ctf-website/node_modules/next/dist/server/lib/router-server.js:240:21)
    at async handleRequest (/home/umair-malik/Desktop/AdVitya Projects/advitya-ctf-website/node_modules/next/dist/server/lib/router-server.js:437:24)
    at async requestHandlerImpl (/home/umair-malik/Desktop/AdVitya Projects/advitya-ctf-website/node_modules/next/dist/server/lib/router-server.js:485:13)
    at async Server.requestListener (/home/umair-malik/Desktop/AdVitya Projects/advitya-ctf-website/node_modules/next/dist/server/lib/start-server.js:226:13)
[2026-01-15 21:50:45] ERROR: 💀 Too Many request | IP: ::1 | Error: ReferenceError: teamId is not defined
    at POST (/home/umair-malik/Desktop/AdVitya Projects/advitya-ctf-website/.next/server/chunks/[root-of-the-server]__278de076._.js:379:191)
    at process.processTicksAndRejections (node:internal/process/task_queues:95:5)
    at async AppRouteRouteModule.do (/home/umair-malik/Desktop/AdVitya Projects/advitya-ctf-website/node_modules/next/dist/compiled/next-server/app-route-turbo.runtime.dev.js:5:38696)
    at async AppRouteRouteModule.handle (/home/umair-malik/Desktop/AdVitya Projects/advitya-ctf-website/node_modules/next/dist/compiled/next-server/app-route-turbo.runtime.dev.js:5:45978)
    at async responseGenerator (/home/umair-malik/Desktop/AdVitya Projects/advitya-ctf-website/.next/server/chunks/node_modules_next_ae81d156._.js:14164:38)
    at async AppRouteRouteModule.handleResponse (/home/umair-malik/Desktop/AdVitya Projects/advitya-ctf-website/node_modules/next/dist/compiled/next-server/app-route-turbo.runtime.dev.js:1:187643)
    at async handleResponse (/home/umair-malik/Desktop/AdVitya Projects/advitya-ctf-website/.next/server/chunks/node_modules_next_ae81d156._.js:14226:32)
    at async handler (/home/umair-malik/Desktop/AdVitya Projects/advitya-ctf-website/.next/server/chunks/node_modules_next_ae81d156._.js:14278:13)
    at async DevServer.renderToResponseWithComponentsImpl (/home/umair-malik/Desktop/AdVitya Projects/advitya-ctf-website/node_modules/next/dist/server/base-server.js:1422:9)
    at async DevServer.renderPageComponent (/home/umair-malik/Desktop/AdVitya Projects/advitya-ctf-website/node_modules/next/dist/server/base-server.js:1474:24)
    at async DevServer.renderToResponseImpl (/home/umair-malik/Desktop/AdVitya Projects/advitya-ctf-website/node_modules/next/dist/server/base-server.js:1514:32)
    at async DevServer.pipeImpl (/home/umair-malik/Desktop/AdVitya Projects/advitya-ctf-website/node_modules/next/dist/server/base-server.js:1025:25)
    at async NextNodeServer.handleCatchallRenderRequest (/home/umair-malik/Desktop/AdVitya Projects/advitya-ctf-website/node_modules/next/dist/server/next-server.js:393:17)
    at async DevServer.handleRequestImpl (/home/umair-malik/Desktop/AdVitya Projects/advitya-ctf-website/node_modules/next/dist/server/base-server.js:916:17)
    at async /home/umair-malik/Desktop/AdVitya Projects/advitya-ctf-website/node_modules/next/dist/server/dev/next-dev-server.js:399:20
    at async Span.traceAsyncFn (/home/umair-malik/Desktop/AdVitya Projects/advitya-ctf-website/node_modules/next/dist/trace/trace.js:157:20)
    at async DevServer.handleRequest (/home/umair-malik/Desktop/AdVitya Projects/advitya-ctf-website/node_modules/next/dist/server/dev/next-dev-server.js:395:24)
    at async invokeRender (/home/umair-malik/Desktop/AdVitya Projects/advitya-ctf-website/node_modules/next/dist/server/lib/router-server.js:240:21)
    at async handleRequest (/home/umair-malik/Desktop/AdVitya Projects/advitya-ctf-website/node_modules/next/dist/server/lib/router-server.js:437:24)
    at async requestHandlerImpl (/home/umair-malik/Desktop/AdVitya Projects/advitya-ctf-website/node_modules/next/dist/server/lib/router-server.js:485:13)
    at async Server.requestListener (/home/umair-malik/Desktop/AdVitya Projects/advitya-ctf-website/node_modules/next/dist/server/lib/start-server.js:226:13)
[2026-01-15 21:56:22] ERROR: 💀 Too Many request | IP: ::1 | Error: ReferenceError: team is not defined
    at POST (/home/umair-malik/Desktop/AdVitya Projects/advitya-ctf-website/.next/server/chunks/[root-of-the-server]__1c6c1389._.js:449:21)
    at async AppRouteRouteModule.do (/home/umair-malik/Desktop/AdVitya Projects/advitya-ctf-website/node_modules/next/dist/compiled/next-server/app-route-turbo.runtime.dev.js:5:38696)
    at async AppRouteRouteModule.handle (/home/umair-malik/Desktop/AdVitya Projects/advitya-ctf-website/node_modules/next/dist/compiled/next-server/app-route-turbo.runtime.dev.js:5:45978)
    at async responseGenerator (/home/umair-malik/Desktop/AdVitya Projects/advitya-ctf-website/.next/server/chunks/node_modules_next_ae81d156._.js:14164:38)
    at async AppRouteRouteModule.handleResponse (/home/umair-malik/Desktop/AdVitya Projects/advitya-ctf-website/node_modules/next/dist/compiled/next-server/app-route-turbo.runtime.dev.js:1:187643)
    at async handleResponse (/home/umair-malik/Desktop/AdVitya Projects/advitya-ctf-website/.next/server/chunks/node_modules_next_ae81d156._.js:14226:32)
    at async handler (/home/umair-malik/Desktop/AdVitya Projects/advitya-ctf-website/.next/server/chunks/node_modules_next_ae81d156._.js:14278:13)
    at async DevServer.renderToResponseWithComponentsImpl (/home/umair-malik/Desktop/AdVitya Projects/advitya-ctf-website/node_modules/next/dist/server/base-server.js:1422:9)
    at async DevServer.renderPageComponent (/home/umair-malik/Desktop/AdVitya Projects/advitya-ctf-website/node_modules/next/dist/server/base-server.js:1474:24)
    at async DevServer.renderToResponseImpl (/home/umair-malik/Desktop/AdVitya Projects/advitya-ctf-website/node_modules/next/dist/server/base-server.js:1514:32)
    at async DevServer.pipeImpl (/home/umair-malik/Desktop/AdVitya Projects/advitya-ctf-website/node_modules/next/dist/server/base-server.js:1025:25)
    at async NextNodeServer.handleCatchallRenderRequest (/home/umair-malik/Desktop/AdVitya Projects/advitya-ctf-website/node_modules/next/dist/server/next-server.js:393:17)
    at async DevServer.handleRequestImpl (/home/umair-malik/Desktop/AdVitya Projects/advitya-ctf-website/node_modules/next/dist/server/base-server.js:916:17)
    at async /home/umair-malik/Desktop/AdVitya Projects/advitya-ctf-website/node_modules/next/dist/server/dev/next-dev-server.js:399:20
    at async Span.traceAsyncFn (/home/umair-malik/Desktop/AdVitya Projects/advitya-ctf-website/node_modules/next/dist/trace/trace.js:157:20)
    at async DevServer.handleRequest (/home/umair-malik/Desktop/AdVitya Projects/advitya-ctf-website/node_modules/next/dist/server/dev/next-dev-server.js:395:24)
    at async invokeRender (/home/umair-malik/Desktop/AdVitya Projects/advitya-ctf-website/node_modules/next/dist/server/lib/router-server.js:240:21)
    at async handleRequest (/home/umair-malik/Desktop/AdVitya Projects/advitya-ctf-website/node_modules/next/dist/server/lib/router-server.js:437:24)
    at async requestHandlerImpl (/home/umair-malik/Desktop/AdVitya Projects/advitya-ctf-website/node_modules/next/dist/server/lib/router-server.js:485:13)
    at async Server.requestListener (/home/umair-malik/Desktop/AdVitya Projects/advitya-ctf-website/node_modules/next/dist/server/lib/start-server.js:226:13)
[2026-01-15 21:57:06] ERROR: 💀 Too Many request | IP: ::1 | Error: ReferenceError: team is not defined
    at POST (/home/umair-malik/Desktop/AdVitya Projects/advitya-ctf-website/.next/server/chunks/[root-of-the-server]__1c6c1389._.js:449:21)
    at async AppRouteRouteModule.do (/home/umair-malik/Desktop/AdVitya Projects/advitya-ctf-website/node_modules/next/dist/compiled/next-server/app-route-turbo.runtime.dev.js:5:38696)
    at async AppRouteRouteModule.handle (/home/umair-malik/Desktop/AdVitya Projects/advitya-ctf-website/node_modules/next/dist/compiled/next-server/app-route-turbo.runtime.dev.js:5:45978)
    at async responseGenerator (/home/umair-malik/Desktop/AdVitya Projects/advitya-ctf-website/.next/server/chunks/node_modules_next_ae81d156._.js:14164:38)
    at async AppRouteRouteModule.handleResponse (/home/umair-malik/Desktop/AdVitya Projects/advitya-ctf-website/node_modules/next/dist/compiled/next-server/app-route-turbo.runtime.dev.js:1:187643)
    at async handleResponse (/home/umair-malik/Desktop/AdVitya Projects/advitya-ctf-website/.next/server/chunks/node_modules_next_ae81d156._.js:14226:32)
    at async handler (/home/umair-malik/Desktop/AdVitya Projects/advitya-ctf-website/.next/server/chunks/node_modules_next_ae81d156._.js:14278:13)
    at async DevServer.renderToResponseWithComponentsImpl (/home/umair-malik/Desktop/AdVitya Projects/advitya-ctf-website/node_modules/next/dist/server/base-server.js:1422:9)
    at async DevServer.renderPageComponent (/home/umair-malik/Desktop/AdVitya Projects/advitya-ctf-website/node_modules/next/dist/server/base-server.js:1474:24)
    at async DevServer.renderToResponseImpl (/home/umair-malik/Desktop/AdVitya Projects/advitya-ctf-website/node_modules/next/dist/server/base-server.js:1514:32)
    at async DevServer.pipeImpl (/home/umair-malik/Desktop/AdVitya Projects/advitya-ctf-website/node_modules/next/dist/server/base-server.js:1025:25)
    at async NextNodeServer.handleCatchallRenderRequest (/home/umair-malik/Desktop/AdVitya Projects/advitya-ctf-website/node_modules/next/dist/server/next-server.js:393:17)
    at async DevServer.handleRequestImpl (/home/umair-malik/Desktop/AdVitya Projects/advitya-ctf-website/node_modules/next/dist/server/base-server.js:916:17)
    at async /home/umair-malik/Desktop/AdVitya Projects/advitya-ctf-website/node_modules/next/dist/server/dev/next-dev-server.js:399:20
    at async Span.traceAsyncFn (/home/umair-malik/Desktop/AdVitya Projects/advitya-ctf-website/node_modules/next/dist/trace/trace.js:157:20)
    at async DevServer.handleRequest (/home/umair-malik/Desktop/AdVitya Projects/advitya-ctf-website/node_modules/next/dist/server/dev/next-dev-server.js:395:24)
    at async invokeRender (/home/umair-malik/Desktop/AdVitya Projects/advitya-ctf-website/node_modules/next/dist/server/lib/router-server.js:240:21)
    at async handleRequest (/home/umair-malik/Desktop/AdVitya Projects/advitya-ctf-website/node_modules/next/dist/server/lib/router-server.js:437:24)
    at async requestHandlerImpl (/home/umair-malik/Desktop/AdVitya Projects/advitya-ctf-website/node_modules/next/dist/server/lib/router-server.js:485:13)
    at async Server.requestListener (/home/umair-malik/Desktop/AdVitya Projects/advitya-ctf-website/node_modules/next/dist/server/lib/start-server.js:226:13)
[2026-01-15 23:28:35] ERROR: 💀 Server error in get-challenges | IP: ::1 | Error: Error: querySrv EREFUSED _mongodb._tcp.cluster0.sxd7nkh.mongodb.net
    at QueryReqWrap.onresolve [as oncomplete] (node:internal/dns/promises:292:17)
    at QueryReqWrap.callbackTrampoline (node:internal/async_hooks:130:17)
[2026-01-15 23:28:36] ERROR: 💀 Server error in get-challenges | IP: ::1 | Error: Error: querySrv EREFUSED _mongodb._tcp.cluster0.sxd7nkh.mongodb.net
    at QueryReqWrap.onresolve [as oncomplete] (node:internal/dns/promises:292:17)
    at QueryReqWrap.callbackTrampoline (node:internal/async_hooks:130:17)
[2026-01-15 23:28:42] ERROR: 💀 Server error in get-challenges | IP: ::1 | Error: Error: querySrv EREFUSED _mongodb._tcp.cluster0.sxd7nkh.mongodb.net
    at QueryReqWrap.onresolve [as oncomplete] (node:internal/dns/promises:292:17)
    at QueryReqWrap.callbackTrampoline (node:internal/async_hooks:130:17)
[2026-01-15 23:28:42] ERROR: 💀 Server error in get-challenges | IP: ::1 | Error: Error: querySrv EREFUSED _mongodb._tcp.cluster0.sxd7nkh.mongodb.net
    at QueryReqWrap.onresolve [as oncomplete] (node:internal/dns/promises:292:17)
    at QueryReqWrap.callbackTrampoline (node:internal/async_hooks:130:17)
[2026-01-15 23:28:50] ERROR: 💀 Server error in /leaderboard | IP: ::1 | Error: Error: querySrv EREFUSED _mongodb._tcp.cluster0.sxd7nkh.mongodb.net
    at QueryReqWrap.onresolve [as oncomplete] (node:internal/dns/promises:292:17)
    at QueryReqWrap.callbackTrampoline (node:internal/async_hooks:130:17)
[2026-01-15 23:28:50] ERROR: 💀 Server error in /leaderboard | IP: ::1 | Error: Error: querySrv EREFUSED _mongodb._tcp.cluster0.sxd7nkh.mongodb.net
    at QueryReqWrap.onresolve [as oncomplete] (node:internal/dns/promises:292:17)
    at QueryReqWrap.callbackTrampoline (node:internal/async_hooks:130:17)
[2026-01-19 01:56:19] ERROR: 💀 Server error in /leaderboard | IP: ::1 | Error: Error: querySrv EREFUSED _mongodb._tcp.cluster0.sxd7nkh.mongodb.net
    at QueryReqWrap.onresolve [as oncomplete] (node:internal/dns/promises:292:17)
    at QueryReqWrap.callbackTrampoline (node:internal/async_hooks:130:17)
